<?xml version="1.0" encoding="UTF-8"?>
<!-- Generated by org.testng.reporters.JUnitReportReporter -->
<testsuite hostname="Arun" failures="0" tests="1" name="testClasses.Logintest" time="0.018" errors="0" timestamp="2021-11-14T16:19:01 IST" skipped="0">
  <testcase classname="testClasses.Logintest" name="validateTitle" time="0.018"/>
  <system-out/>
</testsuite> <!-- testClasses.Logintest -->
